Copyright 1986-2018 Xilinx, Inc. All Rights Reserved.
-------------------------------------------------------------------------------------------------------------------------------------------------------------------
| Tool Version     : Vivado v.2018.2 (win64) Build 2258646 Thu Jun 14 20:03:12 MDT 2018
| Date             : Sat Nov  3 23:14:23 2018
| Host             : DESKTOP-8KGDMUN running 64-bit major release  (build 9200)
| Command          : report_power -file Voice_Scope_TOP_power_routed.rpt -pb Voice_Scope_TOP_power_summary_routed.pb -rpx Voice_Scope_TOP_power_routed.rpx
| Design           : Voice_Scope_TOP
| Device           : xc7a35tcpg236-1
| Design State     : routed
| Grade            : commercial
| Process          : typical
| Characterization : Production
-------------------------------------------------------------------------------------------------------------------------------------------------------------------

Power Report

Table of Contents
-----------------
1. Summary
1.1 On-Chip Components
1.2 Power Supply Summary
1.3 Confidence Level
2. Settings
2.1 Environment
2.2 Clock Constraints
3. Detailed Reports
3.1 By Hierarchy

1. Summary
----------

+--------------------------+--------------+
| Total On-Chip Power (W)  | 0.420        |
| Design Power Budget (W)  | Unspecified* |
| Power Budget Margin (W)  | NA           |
| Dynamic (W)              | 0.345        |
| Device Static (W)        | 0.075        |
| Effective TJA (C/W)      | 5.0          |
| Max Ambient (C)          | 82.9         |
| Junction Temperature (C) | 27.1         |
| Confidence Level         | Low          |
| Setting File             | ---          |
| Simulation Activity File | ---          |
| Design Nets Matched      | NA           |
+--------------------------+--------------+
* Specify Design Power Budget using, set_operating_conditions -design_power_budget <value in Watts>


1.1 On-Chip Components
----------------------

+--------------------------+-----------+----------+-----------+-----------------+
| On-Chip                  | Power (W) | Used     | Available | Utilization (%) |
+--------------------------+-----------+----------+-----------+-----------------+
| Clocks                   |     0.012 |        5 |       --- |             --- |
| Slice Logic              |     0.047 |    36649 |       --- |             --- |
|   LUT as Logic           |     0.039 |    12396 |     20800 |           59.60 |
|   LUT as Distributed RAM |     0.005 |     2780 |      9600 |           28.96 |
|   F7/F8 Muxes            |     0.003 |     5386 |     32600 |           16.52 |
|   CARRY4                 |    <0.001 |      536 |      8150 |            6.58 |
|   Register               |    <0.001 |    14351 |     41600 |           34.50 |
|   BUFG                   |    <0.001 |        7 |        32 |           21.88 |
|   Others                 |     0.000 |      112 |       --- |             --- |
| Signals                  |     0.134 |    24135 |       --- |             --- |
| Block RAM                |     0.020 |       48 |        50 |           96.00 |
| MMCM                     |     0.123 |        1 |         5 |           20.00 |
| DSPs                     |     0.008 |       17 |        90 |           18.89 |
| I/O                      |     0.001 |       62 |       106 |           58.49 |
| Static Power             |     0.075 |          |           |                 |
| Total                    |     0.420 |          |           |                 |
+--------------------------+-----------+----------+-----------+-----------------+


1.2 Power Supply Summary
------------------------

+-----------+-------------+-----------+-------------+------------+
| Source    | Voltage (V) | Total (A) | Dynamic (A) | Static (A) |
+-----------+-------------+-----------+-------------+------------+
| Vccint    |       1.000 |     0.231 |       0.220 |      0.011 |
| Vccaux    |       1.800 |     0.081 |       0.068 |      0.013 |
| Vcco33    |       3.300 |     0.001 |       0.000 |      0.001 |
| Vcco25    |       2.500 |     0.000 |       0.000 |      0.000 |
| Vcco18    |       1.800 |     0.000 |       0.000 |      0.000 |
| Vcco15    |       1.500 |     0.000 |       0.000 |      0.000 |
| Vcco135   |       1.350 |     0.000 |       0.000 |      0.000 |
| Vcco12    |       1.200 |     0.000 |       0.000 |      0.000 |
| Vccaux_io |       1.800 |     0.000 |       0.000 |      0.000 |
| Vccbram   |       1.000 |     0.003 |       0.002 |      0.001 |
| MGTAVcc   |       1.000 |     0.000 |       0.000 |      0.000 |
| MGTAVtt   |       1.200 |     0.000 |       0.000 |      0.000 |
| Vccadc    |       1.800 |     0.020 |       0.000 |      0.020 |
+-----------+-------------+-----------+-------------+------------+


1.3 Confidence Level
--------------------

+-----------------------------+------------+--------------------------------------------------------+--------------------------------------------------------------------------------------------------------------------+
| User Input Data             | Confidence | Details                                                | Action                                                                                                             |
+-----------------------------+------------+--------------------------------------------------------+--------------------------------------------------------------------------------------------------------------------+
| Design implementation state | High       | Design is routed                                       |                                                                                                                    |
| Clock nodes activity        | Low        | User specified less than 75% of clocks                 | Provide missing clock activity with a constraint file, simulation results or by editing the "By Clock Domain" view |
| I/O nodes activity          | Low        | More than 75% of inputs are missing user specification | Provide missing input activity with simulation results or by editing the "By Resource Type -> I/Os" view           |
| Internal nodes activity     | Medium     | User specified less than 25% of internal nodes         | Provide missing internal nodes activity with simulation results or by editing the "By Resource Type" views         |
| Device models               | High       | Device models are Production                           |                                                                                                                    |
|                             |            |                                                        |                                                                                                                    |
| Overall confidence level    | Low        |                                                        |                                                                                                                    |
+-----------------------------+------------+--------------------------------------------------------+--------------------------------------------------------------------------------------------------------------------+


2. Settings
-----------

2.1 Environment
---------------

+-----------------------+--------------------------+
| Ambient Temp (C)      | 25.0                     |
| ThetaJA (C/W)         | 5.0                      |
| Airflow (LFM)         | 250                      |
| Heat Sink             | medium (Medium Profile)  |
| ThetaSA (C/W)         | 4.6                      |
| Board Selection       | medium (10"x10")         |
| # of Board Layers     | 12to15 (12 to 15 Layers) |
| Board Temperature (C) | 25.0                     |
+-----------------------+--------------------------+


2.2 Clock Constraints
---------------------

+--------------------+-----------------------------------------+-----------------+
| Clock              | Domain                                  | Constraint (ns) |
+--------------------+-----------------------------------------+-----------------+
| clk_out1_clk_wiz_0 | display/VGA_CLK_108M/clk_out1_clk_wiz_0 |             9.3 |
| clkfbout_clk_wiz_0 | display/VGA_CLK_108M/clkfbout_clk_wiz_0 |            10.0 |
| sys_clk_pin        | CLK                                     |            10.0 |
+--------------------+-----------------------------------------+-----------------+


3. Detailed Reports
-------------------

3.1 By Hierarchy
----------------

+-------------------------------------------+-----------+
| Name                                      | Power (W) |
+-------------------------------------------+-----------+
| Voice_Scope_TOP                           |     0.345 |
|   background_select_1                     |    <0.001 |
|   clock_divider_1                         |    <0.001 |
|     name1                                 |    <0.001 |
|   clock_divider_11                        |    <0.001 |
|     name1                                 |    <0.001 |
|   clock_divider_2                         |    <0.001 |
|     name1                                 |    <0.001 |
|   clock_divider_4                         |    <0.001 |
|     name1                                 |    <0.001 |
|   clock_divider_5                         |    <0.001 |
|     name1                                 |    <0.001 |
|   clock_divider_6                         |    <0.001 |
|     name1                                 |    <0.001 |
|   clock_divider_8                         |    <0.001 |
|     name1                                 |    <0.001 |
|   clock_divider_9                         |    <0.001 |
|     name1                                 |    <0.001 |
|   display                                 |     0.173 |
|     VGA_CLK_108M                          |     0.124 |
|     VGA_CONTROL                           |     0.048 |
|     center                                |     0.000 |
|       dff_one                             |     0.000 |
|       dff_two                             |     0.000 |
|     down                                  |     0.000 |
|       dff_one                             |     0.000 |
|       dff_two                             |     0.000 |
|     left                                  |     0.000 |
|       dff_one                             |     0.000 |
|       dff_two                             |     0.000 |
|     right                                 |     0.000 |
|       dff_one                             |     0.000 |
|       dff_two                             |     0.000 |
|     up                                    |     0.000 |
|       dff_one                             |     0.000 |
|       dff_two                             |     0.000 |
|   draw_grid1                              |    <0.001 |
|     name1                                 |    <0.001 |
|       name1                               |    <0.001 |
|   draw_grid_select                        |    <0.001 |
|     down                                  |    <0.001 |
|       dff_one                             |     0.000 |
|       dff_two                             |    <0.001 |
|     left                                  |    <0.001 |
|       dff_one                             |    <0.001 |
|       dff_two                             |    <0.001 |
|     right                                 |    <0.001 |
|       dff_one                             |    <0.001 |
|       dff_two                             |     0.000 |
|     up                                    |    <0.001 |
|       dff_one                             |    <0.001 |
|       dff_two                             |     0.000 |
|   draw_pic                                |     0.022 |
|     vram                                  |     0.021 |
|   draw_wave                               |    <0.001 |
|     name1                                 |    <0.001 |
|       name1                               |    <0.001 |
|   draw_wave_2                             |     0.005 |
|   draw_wave_3                             |     0.001 |
|   draw_wave_4                             |     0.005 |
|     SM_reg_r2_0_63_0_2                    |    <0.001 |
|     SM_reg_r2_0_63_3_5                    |    <0.001 |
|     SM_reg_r2_0_63_6_8                    |    <0.001 |
|     SM_reg_r2_0_63_9_11                   |    <0.001 |
|     SM_reg_r2_1024_1087_0_2               |    <0.001 |
|     SM_reg_r2_1024_1087_3_5               |    <0.001 |
|     SM_reg_r2_1024_1087_6_8               |    <0.001 |
|     SM_reg_r2_1024_1087_9_11              |    <0.001 |
|     SM_reg_r2_1088_1151_0_2               |    <0.001 |
|     SM_reg_r2_1088_1151_3_5               |    <0.001 |
|     SM_reg_r2_1088_1151_6_8               |    <0.001 |
|     SM_reg_r2_1088_1151_9_11              |    <0.001 |
|     SM_reg_r2_1152_1215_0_2               |    <0.001 |
|     SM_reg_r2_1152_1215_3_5               |    <0.001 |
|     SM_reg_r2_1152_1215_6_8               |    <0.001 |
|     SM_reg_r2_1152_1215_9_11              |    <0.001 |
|     SM_reg_r2_1216_1279_0_2               |    <0.001 |
|     SM_reg_r2_1216_1279_3_5               |    <0.001 |
|     SM_reg_r2_1216_1279_6_8               |    <0.001 |
|     SM_reg_r2_1216_1279_9_11              |    <0.001 |
|     SM_reg_r2_128_191_0_2                 |    <0.001 |
|     SM_reg_r2_128_191_3_5                 |    <0.001 |
|     SM_reg_r2_128_191_6_8                 |    <0.001 |
|     SM_reg_r2_128_191_9_11                |    <0.001 |
|     SM_reg_r2_192_255_0_2                 |    <0.001 |
|     SM_reg_r2_192_255_3_5                 |    <0.001 |
|     SM_reg_r2_192_255_6_8                 |    <0.001 |
|     SM_reg_r2_192_255_9_11                |    <0.001 |
|     SM_reg_r2_256_319_0_2                 |    <0.001 |
|     SM_reg_r2_256_319_3_5                 |    <0.001 |
|     SM_reg_r2_256_319_6_8                 |    <0.001 |
|     SM_reg_r2_256_319_9_11                |    <0.001 |
|     SM_reg_r2_320_383_0_2                 |    <0.001 |
|     SM_reg_r2_320_383_3_5                 |    <0.001 |
|     SM_reg_r2_320_383_6_8                 |    <0.001 |
|     SM_reg_r2_320_383_9_11                |    <0.001 |
|     SM_reg_r2_384_447_0_2                 |    <0.001 |
|     SM_reg_r2_384_447_3_5                 |    <0.001 |
|     SM_reg_r2_384_447_6_8                 |    <0.001 |
|     SM_reg_r2_384_447_9_11                |    <0.001 |
|     SM_reg_r2_448_511_0_2                 |    <0.001 |
|     SM_reg_r2_448_511_3_5                 |    <0.001 |
|     SM_reg_r2_448_511_6_8                 |    <0.001 |
|     SM_reg_r2_448_511_9_11                |    <0.001 |
|     SM_reg_r2_512_575_0_2                 |    <0.001 |
|     SM_reg_r2_512_575_3_5                 |    <0.001 |
|     SM_reg_r2_512_575_6_8                 |    <0.001 |
|     SM_reg_r2_512_575_9_11                |    <0.001 |
|     SM_reg_r2_576_639_0_2                 |    <0.001 |
|     SM_reg_r2_576_639_3_5                 |    <0.001 |
|     SM_reg_r2_576_639_6_8                 |    <0.001 |
|     SM_reg_r2_576_639_9_11                |    <0.001 |
|     SM_reg_r2_640_703_0_2                 |    <0.001 |
|     SM_reg_r2_640_703_3_5                 |    <0.001 |
|     SM_reg_r2_640_703_6_8                 |    <0.001 |
|     SM_reg_r2_640_703_9_11                |    <0.001 |
|     SM_reg_r2_64_127_0_2                  |    <0.001 |
|     SM_reg_r2_64_127_3_5                  |    <0.001 |
|     SM_reg_r2_64_127_6_8                  |    <0.001 |
|     SM_reg_r2_64_127_9_11                 |    <0.001 |
|     SM_reg_r2_704_767_0_2                 |    <0.001 |
|     SM_reg_r2_704_767_3_5                 |    <0.001 |
|     SM_reg_r2_704_767_6_8                 |    <0.001 |
|     SM_reg_r2_704_767_9_11                |    <0.001 |
|     SM_reg_r2_768_831_0_2                 |    <0.001 |
|     SM_reg_r2_768_831_3_5                 |    <0.001 |
|     SM_reg_r2_768_831_6_8                 |    <0.001 |
|     SM_reg_r2_768_831_9_11                |    <0.001 |
|     SM_reg_r2_832_895_0_2                 |    <0.001 |
|     SM_reg_r2_832_895_3_5                 |    <0.001 |
|     SM_reg_r2_832_895_6_8                 |    <0.001 |
|     SM_reg_r2_832_895_9_11                |    <0.001 |
|     SM_reg_r2_896_959_0_2                 |    <0.001 |
|     SM_reg_r2_896_959_3_5                 |    <0.001 |
|     SM_reg_r2_896_959_6_8                 |    <0.001 |
|     SM_reg_r2_896_959_9_11                |    <0.001 |
|     SM_reg_r2_960_1023_0_2                |    <0.001 |
|     SM_reg_r2_960_1023_3_5                |    <0.001 |
|     SM_reg_r2_960_1023_6_8                |    <0.001 |
|     SM_reg_r2_960_1023_9_11               |    <0.001 |
|     store_reg_0_63_0_2                    |    <0.001 |
|     store_reg_0_63_3_5                    |    <0.001 |
|     store_reg_0_63_6_8                    |    <0.001 |
|     store_reg_0_63_9_11                   |    <0.001 |
|     store_reg_1024_1087_0_2               |    <0.001 |
|     store_reg_1024_1087_3_5               |    <0.001 |
|     store_reg_1024_1087_6_8               |    <0.001 |
|     store_reg_1024_1087_9_11              |    <0.001 |
|     store_reg_1088_1151_0_2               |    <0.001 |
|     store_reg_1088_1151_3_5               |    <0.001 |
|     store_reg_1088_1151_6_8               |    <0.001 |
|     store_reg_1088_1151_9_11              |    <0.001 |
|     store_reg_1152_1215_0_2               |    <0.001 |
|     store_reg_1152_1215_3_5               |    <0.001 |
|     store_reg_1152_1215_6_8               |    <0.001 |
|     store_reg_1152_1215_9_11              |    <0.001 |
|     store_reg_1216_1279_0_2               |    <0.001 |
|     store_reg_1216_1279_3_5               |    <0.001 |
|     store_reg_1216_1279_6_8               |    <0.001 |
|     store_reg_1216_1279_9_11              |    <0.001 |
|     store_reg_128_191_0_2                 |    <0.001 |
|     store_reg_128_191_3_5                 |    <0.001 |
|     store_reg_128_191_6_8                 |    <0.001 |
|     store_reg_128_191_9_11                |    <0.001 |
|     store_reg_192_255_0_2                 |    <0.001 |
|     store_reg_192_255_3_5                 |    <0.001 |
|     store_reg_192_255_6_8                 |    <0.001 |
|     store_reg_192_255_9_11                |    <0.001 |
|     store_reg_256_319_0_2                 |    <0.001 |
|     store_reg_256_319_3_5                 |    <0.001 |
|     store_reg_256_319_6_8                 |    <0.001 |
|     store_reg_256_319_9_11                |    <0.001 |
|     store_reg_320_383_0_2                 |    <0.001 |
|     store_reg_320_383_3_5                 |    <0.001 |
|     store_reg_320_383_6_8                 |    <0.001 |
|     store_reg_320_383_9_11                |    <0.001 |
|     store_reg_384_447_0_2                 |    <0.001 |
|     store_reg_384_447_3_5                 |    <0.001 |
|     store_reg_384_447_6_8                 |    <0.001 |
|     store_reg_384_447_9_11                |    <0.001 |
|     store_reg_448_511_0_2                 |    <0.001 |
|     store_reg_448_511_3_5                 |    <0.001 |
|     store_reg_448_511_6_8                 |    <0.001 |
|     store_reg_448_511_9_11                |    <0.001 |
|     store_reg_512_575_0_2                 |    <0.001 |
|     store_reg_512_575_3_5                 |    <0.001 |
|     store_reg_512_575_6_8                 |    <0.001 |
|     store_reg_512_575_9_11                |    <0.001 |
|     store_reg_576_639_0_2                 |    <0.001 |
|     store_reg_576_639_3_5                 |    <0.001 |
|     store_reg_576_639_6_8                 |    <0.001 |
|     store_reg_576_639_9_11                |    <0.001 |
|     store_reg_640_703_0_2                 |    <0.001 |
|     store_reg_640_703_3_5                 |    <0.001 |
|     store_reg_640_703_6_8                 |    <0.001 |
|     store_reg_640_703_9_11                |    <0.001 |
|     store_reg_64_127_0_2                  |    <0.001 |
|     store_reg_64_127_3_5                  |    <0.001 |
|     store_reg_64_127_6_8                  |    <0.001 |
|     store_reg_64_127_9_11                 |    <0.001 |
|     store_reg_704_767_0_2                 |    <0.001 |
|     store_reg_704_767_3_5                 |    <0.001 |
|     store_reg_704_767_6_8                 |    <0.001 |
|     store_reg_704_767_9_11                |    <0.001 |
|     store_reg_768_831_0_2                 |    <0.001 |
|     store_reg_768_831_3_5                 |    <0.001 |
|     store_reg_768_831_6_8                 |    <0.001 |
|     store_reg_768_831_9_11                |    <0.001 |
|     store_reg_832_895_0_2                 |    <0.001 |
|     store_reg_832_895_3_5                 |    <0.001 |
|     store_reg_832_895_6_8                 |    <0.001 |
|     store_reg_832_895_9_11                |    <0.001 |
|     store_reg_896_959_0_2                 |    <0.001 |
|     store_reg_896_959_3_5                 |    <0.001 |
|     store_reg_896_959_6_8                 |    <0.001 |
|     store_reg_896_959_9_11                |    <0.001 |
|     store_reg_960_1023_0_2                |    <0.001 |
|     store_reg_960_1023_3_5                |    <0.001 |
|     store_reg_960_1023_6_8                |    <0.001 |
|     store_reg_960_1023_9_11               |    <0.001 |
|   draw_wave_A                             |    <0.001 |
|     name1                                 |    <0.001 |
|       name1                               |    <0.001 |
|   draw_wave_C                             |     0.002 |
|   draw_wave_D                             |     0.008 |
|     SM_reg_r1_0_63_0_2                    |    <0.001 |
|     SM_reg_r1_0_63_3_5                    |    <0.001 |
|     SM_reg_r1_0_63_6_8                    |    <0.001 |
|     SM_reg_r1_0_63_9_11                   |    <0.001 |
|     SM_reg_r1_1024_1087_0_2               |    <0.001 |
|     SM_reg_r1_1024_1087_3_5               |    <0.001 |
|     SM_reg_r1_1024_1087_6_8               |    <0.001 |
|     SM_reg_r1_1024_1087_9_11              |    <0.001 |
|     SM_reg_r1_1088_1151_0_2               |    <0.001 |
|     SM_reg_r1_1088_1151_3_5               |    <0.001 |
|     SM_reg_r1_1088_1151_6_8               |    <0.001 |
|     SM_reg_r1_1088_1151_9_11              |    <0.001 |
|     SM_reg_r1_1152_1215_0_2               |    <0.001 |
|     SM_reg_r1_1152_1215_3_5               |    <0.001 |
|     SM_reg_r1_1152_1215_6_8               |    <0.001 |
|     SM_reg_r1_1152_1215_9_11              |    <0.001 |
|     SM_reg_r1_1216_1279_0_2               |    <0.001 |
|     SM_reg_r1_1216_1279_3_5               |    <0.001 |
|     SM_reg_r1_1216_1279_6_8               |    <0.001 |
|     SM_reg_r1_1216_1279_9_11              |    <0.001 |
|     SM_reg_r1_128_191_0_2                 |    <0.001 |
|     SM_reg_r1_128_191_3_5                 |    <0.001 |
|     SM_reg_r1_128_191_6_8                 |    <0.001 |
|     SM_reg_r1_128_191_9_11                |    <0.001 |
|     SM_reg_r1_192_255_0_2                 |    <0.001 |
|     SM_reg_r1_192_255_3_5                 |    <0.001 |
|     SM_reg_r1_192_255_6_8                 |    <0.001 |
|     SM_reg_r1_192_255_9_11                |    <0.001 |
|     SM_reg_r1_256_319_0_2                 |    <0.001 |
|     SM_reg_r1_256_319_3_5                 |    <0.001 |
|     SM_reg_r1_256_319_6_8                 |    <0.001 |
|     SM_reg_r1_256_319_9_11                |    <0.001 |
|     SM_reg_r1_320_383_0_2                 |    <0.001 |
|     SM_reg_r1_320_383_3_5                 |    <0.001 |
|     SM_reg_r1_320_383_6_8                 |    <0.001 |
|     SM_reg_r1_320_383_9_11                |    <0.001 |
|     SM_reg_r1_384_447_0_2                 |    <0.001 |
|     SM_reg_r1_384_447_3_5                 |    <0.001 |
|     SM_reg_r1_384_447_6_8                 |    <0.001 |
|     SM_reg_r1_384_447_9_11                |    <0.001 |
|     SM_reg_r1_448_511_0_2                 |    <0.001 |
|     SM_reg_r1_448_511_3_5                 |    <0.001 |
|     SM_reg_r1_448_511_6_8                 |    <0.001 |
|     SM_reg_r1_448_511_9_11                |    <0.001 |
|     SM_reg_r1_512_575_0_2                 |    <0.001 |
|     SM_reg_r1_512_575_3_5                 |    <0.001 |
|     SM_reg_r1_512_575_6_8                 |    <0.001 |
|     SM_reg_r1_512_575_9_11                |    <0.001 |
|     SM_reg_r1_576_639_0_2                 |    <0.001 |
|     SM_reg_r1_576_639_3_5                 |    <0.001 |
|     SM_reg_r1_576_639_6_8                 |    <0.001 |
|     SM_reg_r1_576_639_9_11                |    <0.001 |
|     SM_reg_r1_640_703_0_2                 |    <0.001 |
|     SM_reg_r1_640_703_3_5                 |    <0.001 |
|     SM_reg_r1_640_703_6_8                 |    <0.001 |
|     SM_reg_r1_640_703_9_11                |    <0.001 |
|     SM_reg_r1_64_127_0_2                  |    <0.001 |
|     SM_reg_r1_64_127_3_5                  |    <0.001 |
|     SM_reg_r1_64_127_6_8                  |    <0.001 |
|     SM_reg_r1_64_127_9_11                 |    <0.001 |
|     SM_reg_r1_704_767_0_2                 |    <0.001 |
|     SM_reg_r1_704_767_3_5                 |    <0.001 |
|     SM_reg_r1_704_767_6_8                 |    <0.001 |
|     SM_reg_r1_704_767_9_11                |    <0.001 |
|     SM_reg_r1_768_831_0_2                 |    <0.001 |
|     SM_reg_r1_768_831_3_5                 |    <0.001 |
|     SM_reg_r1_768_831_6_8                 |    <0.001 |
|     SM_reg_r1_768_831_9_11                |    <0.001 |
|     SM_reg_r1_832_895_0_2                 |    <0.001 |
|     SM_reg_r1_832_895_3_5                 |    <0.001 |
|     SM_reg_r1_832_895_6_8                 |    <0.001 |
|     SM_reg_r1_832_895_9_11                |    <0.001 |
|     SM_reg_r1_896_959_0_2                 |    <0.001 |
|     SM_reg_r1_896_959_3_5                 |    <0.001 |
|     SM_reg_r1_896_959_6_8                 |    <0.001 |
|     SM_reg_r1_896_959_9_11                |    <0.001 |
|     SM_reg_r1_960_1023_0_2                |    <0.001 |
|     SM_reg_r1_960_1023_3_5                |    <0.001 |
|     SM_reg_r1_960_1023_6_8                |    <0.001 |
|     SM_reg_r1_960_1023_9_11               |    <0.001 |
|     SM_reg_r2_0_63_0_2                    |    <0.001 |
|     SM_reg_r2_0_63_3_5                    |    <0.001 |
|     SM_reg_r2_0_63_6_8                    |    <0.001 |
|     SM_reg_r2_0_63_9_11                   |    <0.001 |
|     SM_reg_r2_1024_1087_0_2               |    <0.001 |
|     SM_reg_r2_1024_1087_3_5               |    <0.001 |
|     SM_reg_r2_1024_1087_6_8               |    <0.001 |
|     SM_reg_r2_1024_1087_9_11              |    <0.001 |
|     SM_reg_r2_1088_1151_0_2               |    <0.001 |
|     SM_reg_r2_1088_1151_3_5               |    <0.001 |
|     SM_reg_r2_1088_1151_6_8               |    <0.001 |
|     SM_reg_r2_1088_1151_9_11              |    <0.001 |
|     SM_reg_r2_1152_1215_0_2               |    <0.001 |
|     SM_reg_r2_1152_1215_3_5               |    <0.001 |
|     SM_reg_r2_1152_1215_6_8               |    <0.001 |
|     SM_reg_r2_1152_1215_9_11              |    <0.001 |
|     SM_reg_r2_1216_1279_0_2               |    <0.001 |
|     SM_reg_r2_1216_1279_3_5               |    <0.001 |
|     SM_reg_r2_1216_1279_6_8               |    <0.001 |
|     SM_reg_r2_1216_1279_9_11              |    <0.001 |
|     SM_reg_r2_128_191_0_2                 |    <0.001 |
|     SM_reg_r2_128_191_3_5                 |    <0.001 |
|     SM_reg_r2_128_191_6_8                 |    <0.001 |
|     SM_reg_r2_128_191_9_11                |    <0.001 |
|     SM_reg_r2_192_255_0_2                 |    <0.001 |
|     SM_reg_r2_192_255_3_5                 |    <0.001 |
|     SM_reg_r2_192_255_6_8                 |    <0.001 |
|     SM_reg_r2_192_255_9_11                |    <0.001 |
|     SM_reg_r2_256_319_0_2                 |    <0.001 |
|     SM_reg_r2_256_319_3_5                 |    <0.001 |
|     SM_reg_r2_256_319_6_8                 |    <0.001 |
|     SM_reg_r2_256_319_9_11                |    <0.001 |
|     SM_reg_r2_320_383_0_2                 |    <0.001 |
|     SM_reg_r2_320_383_3_5                 |    <0.001 |
|     SM_reg_r2_320_383_6_8                 |    <0.001 |
|     SM_reg_r2_320_383_9_11                |    <0.001 |
|     SM_reg_r2_384_447_0_2                 |    <0.001 |
|     SM_reg_r2_384_447_3_5                 |    <0.001 |
|     SM_reg_r2_384_447_6_8                 |    <0.001 |
|     SM_reg_r2_384_447_9_11                |    <0.001 |
|     SM_reg_r2_448_511_0_2                 |    <0.001 |
|     SM_reg_r2_448_511_3_5                 |    <0.001 |
|     SM_reg_r2_448_511_6_8                 |    <0.001 |
|     SM_reg_r2_448_511_9_11                |    <0.001 |
|     SM_reg_r2_512_575_0_2                 |    <0.001 |
|     SM_reg_r2_512_575_3_5                 |    <0.001 |
|     SM_reg_r2_512_575_6_8                 |    <0.001 |
|     SM_reg_r2_512_575_9_11                |    <0.001 |
|     SM_reg_r2_576_639_0_2                 |    <0.001 |
|     SM_reg_r2_576_639_3_5                 |    <0.001 |
|     SM_reg_r2_576_639_6_8                 |    <0.001 |
|     SM_reg_r2_576_639_9_11                |    <0.001 |
|     SM_reg_r2_640_703_0_2                 |    <0.001 |
|     SM_reg_r2_640_703_3_5                 |    <0.001 |
|     SM_reg_r2_640_703_6_8                 |    <0.001 |
|     SM_reg_r2_640_703_9_11                |    <0.001 |
|     SM_reg_r2_64_127_0_2                  |    <0.001 |
|     SM_reg_r2_64_127_3_5                  |    <0.001 |
|     SM_reg_r2_64_127_6_8                  |    <0.001 |
|     SM_reg_r2_64_127_9_11                 |    <0.001 |
|     SM_reg_r2_704_767_0_2                 |    <0.001 |
|     SM_reg_r2_704_767_3_5                 |    <0.001 |
|     SM_reg_r2_704_767_6_8                 |    <0.001 |
|     SM_reg_r2_704_767_9_11                |    <0.001 |
|     SM_reg_r2_768_831_0_2                 |    <0.001 |
|     SM_reg_r2_768_831_3_5                 |    <0.001 |
|     SM_reg_r2_768_831_6_8                 |    <0.001 |
|     SM_reg_r2_768_831_9_11                |    <0.001 |
|     SM_reg_r2_832_895_0_2                 |    <0.001 |
|     SM_reg_r2_832_895_3_5                 |    <0.001 |
|     SM_reg_r2_832_895_6_8                 |    <0.001 |
|     SM_reg_r2_832_895_9_11                |    <0.001 |
|     SM_reg_r2_896_959_0_2                 |    <0.001 |
|     SM_reg_r2_896_959_3_5                 |    <0.001 |
|     SM_reg_r2_896_959_6_8                 |    <0.001 |
|     SM_reg_r2_896_959_9_11                |    <0.001 |
|     SM_reg_r2_960_1023_0_2                |    <0.001 |
|     SM_reg_r2_960_1023_3_5                |    <0.001 |
|     SM_reg_r2_960_1023_6_8                |    <0.001 |
|     SM_reg_r2_960_1023_9_11               |    <0.001 |
|     store_reg_0_63_0_2                    |    <0.001 |
|     store_reg_0_63_3_5                    |    <0.001 |
|     store_reg_0_63_6_8                    |    <0.001 |
|     store_reg_0_63_9_11                   |    <0.001 |
|     store_reg_1024_1087_0_2               |    <0.001 |
|     store_reg_1024_1087_3_5               |    <0.001 |
|     store_reg_1024_1087_6_8               |    <0.001 |
|     store_reg_1024_1087_9_11              |    <0.001 |
|     store_reg_1088_1151_0_2               |    <0.001 |
|     store_reg_1088_1151_3_5               |    <0.001 |
|     store_reg_1088_1151_6_8               |    <0.001 |
|     store_reg_1088_1151_9_11              |    <0.001 |
|     store_reg_1152_1215_0_2               |    <0.001 |
|     store_reg_1152_1215_3_5               |    <0.001 |
|     store_reg_1152_1215_6_8               |    <0.001 |
|     store_reg_1152_1215_9_11              |    <0.001 |
|     store_reg_1216_1279_0_2               |    <0.001 |
|     store_reg_1216_1279_3_5               |    <0.001 |
|     store_reg_1216_1279_6_8               |    <0.001 |
|     store_reg_1216_1279_9_11              |    <0.001 |
|     store_reg_128_191_0_2                 |    <0.001 |
|     store_reg_128_191_3_5                 |    <0.001 |
|     store_reg_128_191_6_8                 |    <0.001 |
|     store_reg_128_191_9_11                |    <0.001 |
|     store_reg_192_255_0_2                 |    <0.001 |
|     store_reg_192_255_3_5                 |    <0.001 |
|     store_reg_192_255_6_8                 |    <0.001 |
|     store_reg_192_255_9_11                |    <0.001 |
|     store_reg_256_319_0_2                 |    <0.001 |
|     store_reg_256_319_3_5                 |    <0.001 |
|     store_reg_256_319_6_8                 |    <0.001 |
|     store_reg_256_319_9_11                |    <0.001 |
|     store_reg_320_383_0_2                 |    <0.001 |
|     store_reg_320_383_3_5                 |    <0.001 |
|     store_reg_320_383_6_8                 |    <0.001 |
|     store_reg_320_383_9_11                |    <0.001 |
|     store_reg_384_447_0_2                 |    <0.001 |
|     store_reg_384_447_3_5                 |    <0.001 |
|     store_reg_384_447_6_8                 |    <0.001 |
|     store_reg_384_447_9_11                |    <0.001 |
|     store_reg_448_511_0_2                 |    <0.001 |
|     store_reg_448_511_3_5                 |    <0.001 |
|     store_reg_448_511_6_8                 |    <0.001 |
|     store_reg_448_511_9_11                |    <0.001 |
|     store_reg_512_575_0_2                 |    <0.001 |
|     store_reg_512_575_3_5                 |    <0.001 |
|     store_reg_512_575_6_8                 |    <0.001 |
|     store_reg_512_575_9_11                |    <0.001 |
|     store_reg_576_639_0_2                 |    <0.001 |
|     store_reg_576_639_3_5                 |    <0.001 |
|     store_reg_576_639_6_8                 |    <0.001 |
|     store_reg_576_639_9_11                |    <0.001 |
|     store_reg_640_703_0_2                 |    <0.001 |
|     store_reg_640_703_3_5                 |    <0.001 |
|     store_reg_640_703_6_8                 |    <0.001 |
|     store_reg_640_703_9_11                |    <0.001 |
|     store_reg_64_127_0_2                  |    <0.001 |
|     store_reg_64_127_3_5                  |    <0.001 |
|     store_reg_64_127_6_8                  |    <0.001 |
|     store_reg_64_127_9_11                 |    <0.001 |
|     store_reg_704_767_0_2                 |    <0.001 |
|     store_reg_704_767_3_5                 |    <0.001 |
|     store_reg_704_767_6_8                 |    <0.001 |
|     store_reg_704_767_9_11                |    <0.001 |
|     store_reg_768_831_0_2                 |    <0.001 |
|     store_reg_768_831_3_5                 |    <0.001 |
|     store_reg_768_831_6_8                 |    <0.001 |
|     store_reg_768_831_9_11                |    <0.001 |
|     store_reg_832_895_0_2                 |    <0.001 |
|     store_reg_832_895_3_5                 |    <0.001 |
|     store_reg_832_895_6_8                 |    <0.001 |
|     store_reg_832_895_9_11                |    <0.001 |
|     store_reg_896_959_0_2                 |    <0.001 |
|     store_reg_896_959_3_5                 |    <0.001 |
|     store_reg_896_959_6_8                 |    <0.001 |
|     store_reg_896_959_9_11                |    <0.001 |
|     store_reg_960_1023_0_2                |    <0.001 |
|     store_reg_960_1023_3_5                |    <0.001 |
|     store_reg_960_1023_6_8                |    <0.001 |
|     store_reg_960_1023_9_11               |    <0.001 |
|   draw_wave_E                             |     0.007 |
|   grid_select_1                           |    <0.001 |
|   nolabel_line136                         |     0.084 |
|     Sample_Memory_reg_0_255_0_0           |    <0.001 |
|     Sample_Memory_reg_0_255_10_10         |     0.000 |
|     Sample_Memory_reg_0_255_1_1           |    <0.001 |
|     Sample_Memory_reg_0_255_2_2           |    <0.001 |
|     Sample_Memory_reg_0_255_3_3           |    <0.001 |
|     Sample_Memory_reg_0_255_4_4           |    <0.001 |
|     Sample_Memory_reg_0_255_5_5           |    <0.001 |
|     Sample_Memory_reg_0_255_6_6           |    <0.001 |
|     Sample_Memory_reg_0_255_7_7           |    <0.001 |
|     Sample_Memory_reg_0_255_8_8           |    <0.001 |
|     Sample_Memory_reg_0_255_9_9           |    <0.001 |
|     Sample_Memory_reg_1024_1279_0_0       |    <0.001 |
|     Sample_Memory_reg_1024_1279_10_10     |     0.000 |
|     Sample_Memory_reg_1024_1279_1_1       |    <0.001 |
|     Sample_Memory_reg_1024_1279_2_2       |    <0.001 |
|     Sample_Memory_reg_1024_1279_3_3       |    <0.001 |
|     Sample_Memory_reg_1024_1279_4_4       |    <0.001 |
|     Sample_Memory_reg_1024_1279_5_5       |    <0.001 |
|     Sample_Memory_reg_1024_1279_6_6       |    <0.001 |
|     Sample_Memory_reg_1024_1279_7_7       |    <0.001 |
|     Sample_Memory_reg_1024_1279_8_8       |    <0.001 |
|     Sample_Memory_reg_1024_1279_9_9       |    <0.001 |
|     Sample_Memory_reg_256_511_0_0         |    <0.001 |
|     Sample_Memory_reg_256_511_10_10       |     0.000 |
|     Sample_Memory_reg_256_511_1_1         |    <0.001 |
|     Sample_Memory_reg_256_511_2_2         |    <0.001 |
|     Sample_Memory_reg_256_511_3_3         |    <0.001 |
|     Sample_Memory_reg_256_511_4_4         |    <0.001 |
|     Sample_Memory_reg_256_511_5_5         |    <0.001 |
|     Sample_Memory_reg_256_511_6_6         |    <0.001 |
|     Sample_Memory_reg_256_511_7_7         |    <0.001 |
|     Sample_Memory_reg_256_511_8_8         |    <0.001 |
|     Sample_Memory_reg_256_511_9_9         |    <0.001 |
|     Sample_Memory_reg_512_767_0_0         |    <0.001 |
|     Sample_Memory_reg_512_767_10_10       |     0.000 |
|     Sample_Memory_reg_512_767_1_1         |    <0.001 |
|     Sample_Memory_reg_512_767_2_2         |    <0.001 |
|     Sample_Memory_reg_512_767_3_3         |    <0.001 |
|     Sample_Memory_reg_512_767_4_4         |    <0.001 |
|     Sample_Memory_reg_512_767_5_5         |    <0.001 |
|     Sample_Memory_reg_512_767_6_6         |    <0.001 |
|     Sample_Memory_reg_512_767_7_7         |    <0.001 |
|     Sample_Memory_reg_512_767_8_8         |    <0.001 |
|     Sample_Memory_reg_512_767_9_9         |    <0.001 |
|     Sample_Memory_reg_768_1023_0_0        |    <0.001 |
|     Sample_Memory_reg_768_1023_10_10      |     0.000 |
|     Sample_Memory_reg_768_1023_1_1        |    <0.001 |
|     Sample_Memory_reg_768_1023_2_2        |    <0.001 |
|     Sample_Memory_reg_768_1023_3_3        |    <0.001 |
|     Sample_Memory_reg_768_1023_4_4        |    <0.001 |
|     Sample_Memory_reg_768_1023_5_5        |    <0.001 |
|     Sample_Memory_reg_768_1023_6_6        |    <0.001 |
|     Sample_Memory_reg_768_1023_7_7        |    <0.001 |
|     Sample_Memory_reg_768_1023_8_8        |    <0.001 |
|     Sample_Memory_reg_768_1023_9_9        |    <0.001 |
|     store_reg_r1_0_63_0_2                 |     0.000 |
|     store_reg_r1_0_63_3_5                 |     0.000 |
|     store_reg_r1_0_63_6_8                 |     0.000 |
|     store_reg_r1_0_63_9_11                |     0.000 |
|     store_reg_r1_1024_1087_0_2            |     0.000 |
|     store_reg_r1_1024_1087_3_5            |     0.000 |
|     store_reg_r1_1024_1087_6_8            |     0.000 |
|     store_reg_r1_1024_1087_9_11           |     0.000 |
|     store_reg_r1_1088_1151_0_2            |     0.000 |
|     store_reg_r1_1088_1151_3_5            |     0.000 |
|     store_reg_r1_1088_1151_6_8            |     0.000 |
|     store_reg_r1_1088_1151_9_11           |     0.000 |
|     store_reg_r1_1152_1215_0_2            |     0.000 |
|     store_reg_r1_1152_1215_3_5            |     0.000 |
|     store_reg_r1_1152_1215_6_8            |     0.000 |
|     store_reg_r1_1152_1215_9_11           |     0.000 |
|     store_reg_r1_1216_1279_0_2            |     0.000 |
|     store_reg_r1_1216_1279_3_5            |     0.000 |
|     store_reg_r1_1216_1279_6_8            |     0.000 |
|     store_reg_r1_1216_1279_9_11           |     0.000 |
|     store_reg_r1_128_191_0_2              |     0.000 |
|     store_reg_r1_128_191_3_5              |     0.000 |
|     store_reg_r1_128_191_6_8              |     0.000 |
|     store_reg_r1_128_191_9_11             |     0.000 |
|     store_reg_r1_192_255_0_2              |     0.000 |
|     store_reg_r1_192_255_3_5              |     0.000 |
|     store_reg_r1_192_255_6_8              |     0.000 |
|     store_reg_r1_192_255_9_11             |     0.000 |
|     store_reg_r1_256_319_0_2              |     0.000 |
|     store_reg_r1_256_319_3_5              |     0.000 |
|     store_reg_r1_256_319_6_8              |     0.000 |
|     store_reg_r1_256_319_9_11             |     0.000 |
|     store_reg_r1_320_383_0_2              |     0.000 |
|     store_reg_r1_320_383_3_5              |     0.000 |
|     store_reg_r1_320_383_6_8              |     0.000 |
|     store_reg_r1_320_383_9_11             |     0.000 |
|     store_reg_r1_384_447_0_2              |     0.000 |
|     store_reg_r1_384_447_3_5              |     0.000 |
|     store_reg_r1_384_447_6_8              |     0.000 |
|     store_reg_r1_384_447_9_11             |     0.000 |
|     store_reg_r1_448_511_0_2              |     0.000 |
|     store_reg_r1_448_511_3_5              |     0.000 |
|     store_reg_r1_448_511_6_8              |     0.000 |
|     store_reg_r1_448_511_9_11             |     0.000 |
|     store_reg_r1_512_575_0_2              |     0.000 |
|     store_reg_r1_512_575_3_5              |     0.000 |
|     store_reg_r1_512_575_6_8              |     0.000 |
|     store_reg_r1_512_575_9_11             |     0.000 |
|     store_reg_r1_576_639_0_2              |     0.000 |
|     store_reg_r1_576_639_3_5              |     0.000 |
|     store_reg_r1_576_639_6_8              |     0.000 |
|     store_reg_r1_576_639_9_11             |     0.000 |
|     store_reg_r1_640_703_0_2              |     0.000 |
|     store_reg_r1_640_703_3_5              |     0.000 |
|     store_reg_r1_640_703_6_8              |     0.000 |
|     store_reg_r1_640_703_9_11             |     0.000 |
|     store_reg_r1_64_127_0_2               |     0.000 |
|     store_reg_r1_64_127_3_5               |     0.000 |
|     store_reg_r1_64_127_6_8               |     0.000 |
|     store_reg_r1_64_127_9_11              |     0.000 |
|     store_reg_r1_704_767_0_2              |     0.000 |
|     store_reg_r1_704_767_3_5              |     0.000 |
|     store_reg_r1_704_767_6_8              |     0.000 |
|     store_reg_r1_704_767_9_11             |     0.000 |
|     store_reg_r1_768_831_0_2              |     0.000 |
|     store_reg_r1_768_831_3_5              |     0.000 |
|     store_reg_r1_768_831_6_8              |     0.000 |
|     store_reg_r1_768_831_9_11             |     0.000 |
|     store_reg_r1_832_895_0_2              |     0.000 |
|     store_reg_r1_832_895_3_5              |     0.000 |
|     store_reg_r1_832_895_6_8              |     0.000 |
|     store_reg_r1_832_895_9_11             |     0.000 |
|     store_reg_r1_896_959_0_2              |     0.000 |
|     store_reg_r1_896_959_3_5              |     0.000 |
|     store_reg_r1_896_959_6_8              |     0.000 |
|     store_reg_r1_896_959_9_11             |     0.000 |
|     store_reg_r1_960_1023_0_2             |     0.000 |
|     store_reg_r1_960_1023_3_5             |     0.000 |
|     store_reg_r1_960_1023_6_8             |     0.000 |
|     store_reg_r1_960_1023_9_11            |     0.000 |
|     store_reg_r2_0_63_0_2                 |     0.000 |
|     store_reg_r2_0_63_3_5                 |     0.000 |
|     store_reg_r2_0_63_6_8                 |     0.000 |
|     store_reg_r2_0_63_9_11                |     0.000 |
|     store_reg_r2_1024_1087_0_2            |     0.000 |
|     store_reg_r2_1024_1087_3_5            |     0.000 |
|     store_reg_r2_1024_1087_6_8            |     0.000 |
|     store_reg_r2_1024_1087_9_11           |     0.000 |
|     store_reg_r2_1088_1151_0_2            |     0.000 |
|     store_reg_r2_1088_1151_3_5            |     0.000 |
|     store_reg_r2_1088_1151_6_8            |     0.000 |
|     store_reg_r2_1088_1151_9_11           |     0.000 |
|     store_reg_r2_1152_1215_0_2            |     0.000 |
|     store_reg_r2_1152_1215_3_5            |     0.000 |
|     store_reg_r2_1152_1215_6_8            |     0.000 |
|     store_reg_r2_1152_1215_9_11           |     0.000 |
|     store_reg_r2_1216_1279_0_2            |     0.000 |
|     store_reg_r2_1216_1279_3_5            |     0.000 |
|     store_reg_r2_1216_1279_6_8            |     0.000 |
|     store_reg_r2_1216_1279_9_11           |     0.000 |
|     store_reg_r2_128_191_0_2              |     0.000 |
|     store_reg_r2_128_191_3_5              |     0.000 |
|     store_reg_r2_128_191_6_8              |     0.000 |
|     store_reg_r2_128_191_9_11             |     0.000 |
|     store_reg_r2_192_255_0_2              |     0.000 |
|     store_reg_r2_192_255_3_5              |     0.000 |
|     store_reg_r2_192_255_6_8              |     0.000 |
|     store_reg_r2_192_255_9_11             |     0.000 |
|     store_reg_r2_256_319_0_2              |     0.000 |
|     store_reg_r2_256_319_3_5              |     0.000 |
|     store_reg_r2_256_319_6_8              |     0.000 |
|     store_reg_r2_256_319_9_11             |     0.000 |
|     store_reg_r2_320_383_0_2              |     0.000 |
|     store_reg_r2_320_383_3_5              |     0.000 |
|     store_reg_r2_320_383_6_8              |     0.000 |
|     store_reg_r2_320_383_9_11             |     0.000 |
|     store_reg_r2_384_447_0_2              |     0.000 |
|     store_reg_r2_384_447_3_5              |     0.000 |
|     store_reg_r2_384_447_6_8              |     0.000 |
|     store_reg_r2_384_447_9_11             |     0.000 |
|     store_reg_r2_448_511_0_2              |     0.000 |
|     store_reg_r2_448_511_3_5              |     0.000 |
|     store_reg_r2_448_511_6_8              |     0.000 |
|     store_reg_r2_448_511_9_11             |     0.000 |
|     store_reg_r2_512_575_0_2              |     0.000 |
|     store_reg_r2_512_575_3_5              |     0.000 |
|     store_reg_r2_512_575_6_8              |     0.000 |
|     store_reg_r2_512_575_9_11             |     0.000 |
|     store_reg_r2_576_639_0_2              |     0.000 |
|     store_reg_r2_576_639_3_5              |     0.000 |
|     store_reg_r2_576_639_6_8              |     0.000 |
|     store_reg_r2_576_639_9_11             |     0.000 |
|     store_reg_r2_640_703_0_2              |     0.000 |
|     store_reg_r2_640_703_3_5              |     0.000 |
|     store_reg_r2_640_703_6_8              |     0.000 |
|     store_reg_r2_640_703_9_11             |     0.000 |
|     store_reg_r2_64_127_0_2               |     0.000 |
|     store_reg_r2_64_127_3_5               |     0.000 |
|     store_reg_r2_64_127_6_8               |     0.000 |
|     store_reg_r2_64_127_9_11              |     0.000 |
|     store_reg_r2_704_767_0_2              |     0.000 |
|     store_reg_r2_704_767_3_5              |     0.000 |
|     store_reg_r2_704_767_6_8              |     0.000 |
|     store_reg_r2_704_767_9_11             |     0.000 |
|     store_reg_r2_768_831_0_2              |     0.000 |
|     store_reg_r2_768_831_3_5              |     0.000 |
|     store_reg_r2_768_831_6_8              |     0.000 |
|     store_reg_r2_768_831_9_11             |     0.000 |
|     store_reg_r2_832_895_0_2              |     0.000 |
|     store_reg_r2_832_895_3_5              |     0.000 |
|     store_reg_r2_832_895_6_8              |     0.000 |
|     store_reg_r2_832_895_9_11             |     0.000 |
|     store_reg_r2_896_959_0_2              |     0.000 |
|     store_reg_r2_896_959_3_5              |     0.000 |
|     store_reg_r2_896_959_6_8              |     0.000 |
|     store_reg_r2_896_959_9_11             |     0.000 |
|     store_reg_r2_960_1023_0_2             |     0.000 |
|     store_reg_r2_960_1023_3_5             |     0.000 |
|     store_reg_r2_960_1023_6_8             |     0.000 |
|     store_reg_r2_960_1023_9_11            |     0.000 |
|     temp_Sample_Memory_reg_0_63_0_2       |    <0.001 |
|     temp_Sample_Memory_reg_0_63_3_5       |    <0.001 |
|     temp_Sample_Memory_reg_0_63_6_8       |    <0.001 |
|     temp_Sample_Memory_reg_0_63_9_11      |    <0.001 |
|     temp_Sample_Memory_reg_1024_1087_0_2  |    <0.001 |
|     temp_Sample_Memory_reg_1024_1087_3_5  |    <0.001 |
|     temp_Sample_Memory_reg_1024_1087_6_8  |    <0.001 |
|     temp_Sample_Memory_reg_1024_1087_9_11 |    <0.001 |
|     temp_Sample_Memory_reg_1088_1151_0_2  |    <0.001 |
|     temp_Sample_Memory_reg_1088_1151_3_5  |    <0.001 |
|     temp_Sample_Memory_reg_1088_1151_6_8  |    <0.001 |
|     temp_Sample_Memory_reg_1088_1151_9_11 |    <0.001 |
|     temp_Sample_Memory_reg_1152_1215_0_2  |    <0.001 |
|     temp_Sample_Memory_reg_1152_1215_3_5  |    <0.001 |
|     temp_Sample_Memory_reg_1152_1215_6_8  |    <0.001 |
|     temp_Sample_Memory_reg_1152_1215_9_11 |    <0.001 |
|     temp_Sample_Memory_reg_1216_1279_0_2  |    <0.001 |
|     temp_Sample_Memory_reg_1216_1279_3_5  |    <0.001 |
|     temp_Sample_Memory_reg_1216_1279_6_8  |    <0.001 |
|     temp_Sample_Memory_reg_1216_1279_9_11 |    <0.001 |
|     temp_Sample_Memory_reg_128_191_0_2    |    <0.001 |
|     temp_Sample_Memory_reg_128_191_3_5    |    <0.001 |
|     temp_Sample_Memory_reg_128_191_6_8    |    <0.001 |
|     temp_Sample_Memory_reg_128_191_9_11   |    <0.001 |
|     temp_Sample_Memory_reg_192_255_0_2    |    <0.001 |
|     temp_Sample_Memory_reg_192_255_3_5    |    <0.001 |
|     temp_Sample_Memory_reg_192_255_6_8    |    <0.001 |
|     temp_Sample_Memory_reg_192_255_9_11   |    <0.001 |
|     temp_Sample_Memory_reg_256_319_0_2    |    <0.001 |
|     temp_Sample_Memory_reg_256_319_3_5    |    <0.001 |
|     temp_Sample_Memory_reg_256_319_6_8    |    <0.001 |
|     temp_Sample_Memory_reg_256_319_9_11   |    <0.001 |
|     temp_Sample_Memory_reg_320_383_0_2    |    <0.001 |
|     temp_Sample_Memory_reg_320_383_3_5    |    <0.001 |
|     temp_Sample_Memory_reg_320_383_6_8    |    <0.001 |
|     temp_Sample_Memory_reg_320_383_9_11   |    <0.001 |
|     temp_Sample_Memory_reg_384_447_0_2    |    <0.001 |
|     temp_Sample_Memory_reg_384_447_3_5    |    <0.001 |
|     temp_Sample_Memory_reg_384_447_6_8    |    <0.001 |
|     temp_Sample_Memory_reg_384_447_9_11   |    <0.001 |
|     temp_Sample_Memory_reg_448_511_0_2    |    <0.001 |
|     temp_Sample_Memory_reg_448_511_3_5    |    <0.001 |
|     temp_Sample_Memory_reg_448_511_6_8    |    <0.001 |
|     temp_Sample_Memory_reg_448_511_9_11   |    <0.001 |
|     temp_Sample_Memory_reg_512_575_0_2    |    <0.001 |
|     temp_Sample_Memory_reg_512_575_3_5    |    <0.001 |
|     temp_Sample_Memory_reg_512_575_6_8    |    <0.001 |
|     temp_Sample_Memory_reg_512_575_9_11   |    <0.001 |
|     temp_Sample_Memory_reg_576_639_0_2    |    <0.001 |
|     temp_Sample_Memory_reg_576_639_3_5    |    <0.001 |
|     temp_Sample_Memory_reg_576_639_6_8    |    <0.001 |
|     temp_Sample_Memory_reg_576_639_9_11   |    <0.001 |
|     temp_Sample_Memory_reg_640_703_0_2    |    <0.001 |
|     temp_Sample_Memory_reg_640_703_3_5    |    <0.001 |
|     temp_Sample_Memory_reg_640_703_6_8    |    <0.001 |
|     temp_Sample_Memory_reg_640_703_9_11   |    <0.001 |
|     temp_Sample_Memory_reg_64_127_0_2     |    <0.001 |
|     temp_Sample_Memory_reg_64_127_3_5     |    <0.001 |
|     temp_Sample_Memory_reg_64_127_6_8     |    <0.001 |
|     temp_Sample_Memory_reg_64_127_9_11    |    <0.001 |
|     temp_Sample_Memory_reg_704_767_0_2    |    <0.001 |
|     temp_Sample_Memory_reg_704_767_3_5    |    <0.001 |
|     temp_Sample_Memory_reg_704_767_6_8    |    <0.001 |
|     temp_Sample_Memory_reg_704_767_9_11   |    <0.001 |
|     temp_Sample_Memory_reg_768_831_0_2    |    <0.001 |
|     temp_Sample_Memory_reg_768_831_3_5    |    <0.001 |
|     temp_Sample_Memory_reg_768_831_6_8    |    <0.001 |
|     temp_Sample_Memory_reg_768_831_9_11   |    <0.001 |
|     temp_Sample_Memory_reg_832_895_0_2    |    <0.001 |
|     temp_Sample_Memory_reg_832_895_3_5    |    <0.001 |
|     temp_Sample_Memory_reg_832_895_6_8    |    <0.001 |
|     temp_Sample_Memory_reg_832_895_9_11   |    <0.001 |
|     temp_Sample_Memory_reg_896_959_0_2    |    <0.001 |
|     temp_Sample_Memory_reg_896_959_3_5    |    <0.001 |
|     temp_Sample_Memory_reg_896_959_6_8    |    <0.001 |
|     temp_Sample_Memory_reg_896_959_9_11   |    <0.001 |
|     temp_Sample_Memory_reg_960_1023_0_2   |    <0.001 |
|     temp_Sample_Memory_reg_960_1023_3_5   |    <0.001 |
|     temp_Sample_Memory_reg_960_1023_6_8   |    <0.001 |
|     temp_Sample_Memory_reg_960_1023_9_11  |    <0.001 |
|   testwave                                |     0.001 |
|   voice_capture                           |     0.028 |
|   vol_f                                   |    <0.001 |
|   wave_color_select_1                     |    <0.001 |
+-------------------------------------------+-----------+


